actionid: tox
msg: packaging
cmdargs: ['/home/matleino/anaconda2/bin/python', local('/home/matleino/Ohtu-neural-networks/setup.py'), 'sdist', '--formats=zip', '--dist-dir', local('/home/matleino/Ohtu-neural-networks/.tox/dist')]

running sdist
running egg_info
creating Ohtu_neural_networks.egg-info
writing Ohtu_neural_networks.egg-info/PKG-INFO
writing top-level names to Ohtu_neural_networks.egg-info/top_level.txt
writing dependency_links to Ohtu_neural_networks.egg-info/dependency_links.txt
writing manifest file 'Ohtu_neural_networks.egg-info/SOURCES.txt'
reading manifest file 'Ohtu_neural_networks.egg-info/SOURCES.txt'
writing manifest file 'Ohtu_neural_networks.egg-info/SOURCES.txt'
running check
warning: check: missing meta-data: either (author and author_email) or (maintainer and maintainer_email) must be supplied

creating Ohtu-neural-networks-0.1
creating Ohtu-neural-networks-0.1/Ohtu_neural_networks.egg-info
creating Ohtu-neural-networks-0.1/nn
copying files to Ohtu-neural-networks-0.1...
copying README.md -> Ohtu-neural-networks-0.1
copying setup.py -> Ohtu-neural-networks-0.1
copying Ohtu_neural_networks.egg-info/PKG-INFO -> Ohtu-neural-networks-0.1/Ohtu_neural_networks.egg-info
copying Ohtu_neural_networks.egg-info/SOURCES.txt -> Ohtu-neural-networks-0.1/Ohtu_neural_networks.egg-info
copying Ohtu_neural_networks.egg-info/dependency_links.txt -> Ohtu-neural-networks-0.1/Ohtu_neural_networks.egg-info
copying Ohtu_neural_networks.egg-info/top_level.txt -> Ohtu-neural-networks-0.1/Ohtu_neural_networks.egg-info
copying nn/__init__.py -> Ohtu-neural-networks-0.1/nn
copying nn/main.py -> Ohtu-neural-networks-0.1/nn
Writing Ohtu-neural-networks-0.1/setup.cfg
creating .tox/dist
creating '.tox/dist/Ohtu-neural-networks-0.1.zip' and adding 'Ohtu-neural-networks-0.1' to it
adding 'Ohtu-neural-networks-0.1/PKG-INFO'
adding 'Ohtu-neural-networks-0.1/setup.cfg'
adding 'Ohtu-neural-networks-0.1/setup.py'
adding 'Ohtu-neural-networks-0.1/README.md'
adding 'Ohtu-neural-networks-0.1/Ohtu_neural_networks.egg-info/top_level.txt'
adding 'Ohtu-neural-networks-0.1/Ohtu_neural_networks.egg-info/PKG-INFO'
adding 'Ohtu-neural-networks-0.1/Ohtu_neural_networks.egg-info/SOURCES.txt'
adding 'Ohtu-neural-networks-0.1/Ohtu_neural_networks.egg-info/dependency_links.txt'
adding 'Ohtu-neural-networks-0.1/nn/__init__.py'
adding 'Ohtu-neural-networks-0.1/nn/main.py'
removing 'Ohtu-neural-networks-0.1' (and everything under it)
